<?xml version="1.0" encoding="utf-8"?><testsuites><testsuite errors="0" failures="0" hostname="WINDOWS-8IK2BST" name="pytest" skipped="0" tests="2" time="80.307" timestamp="2021-02-12T19:10:09.957288"><testcase classname="test_GreenKart_Veggies_with_ot_Search.TestGreenKart" file="test_GreenKart_Veggies_with_ot_Search.py" line="9" name="test_GreenKart[getData0]" time="45.989"></testcase><testcase classname="test_GreenKart_Veggies_with_ot_Search.TestGreenKart" file="test_GreenKart_Veggies_with_ot_Search.py" line="9" name="test_GreenKart[getData1]" time="34.247"></testcase></testsuite></testsuites>